<?xml version="1.0" encoding="utf-8" standalone="no"?>
<!--This file represents the results of running a test suite-->
<test-results name="C:\Users\SkiBLE\Documents\Visual Studio 2010\Projects\KataBDD\KataBDD\bin\Debug\Elevator.dll" total="1" errors="0" failures="0" not-run="0" inconclusive="0" ignored="0" skipped="0" invalid="0" date="2015-09-13" time="11:01:52">
  <environment nunit-version="2.6.4.14350" clr-version="2.0.50727.5485" os-version="Microsoft Windows NT 6.1.7601 Service Pack 1" platform="Win32NT" cwd="C:\Users\SkiBLE\Downloads\NUnit-2.6.4\NUnit-2.6.4\bin" machine-name="SKIBLE-PC" user="SkiBLE" user-domain="SkiBLE-PC" />
  <culture-info current-culture="fr-FR" current-uiculture="fr-FR" />
  <test-suite type="Assembly" name="C:\Users\SkiBLE\Documents\Visual Studio 2010\Projects\KataBDD\KataBDD\bin\Debug\Elevator.dll" executed="True" result="Success" success="True" time="0.542" asserts="0">
    <results>
      <test-suite type="Namespace" name="Elevator" executed="True" result="Success" success="True" time="0.535" asserts="0">
        <results>
          <test-suite type="TestFixture" name="UseElevatorV1Feature" description="UseElevatorV1" executed="True" result="Success" success="True" time="0.523" asserts="0">
            <results>
              <test-case name="Elevator.UseElevatorV1Feature.LuckyDay" description="luckyDay" executed="True" result="Success" success="True" time="0.324" asserts="0">
                <categories>
                  <category name="mytag" />
                </categories>
              </test-case>
            </results>
          </test-suite>
        </results>
      </test-suite>
    </results>
  </test-suite>
</test-results>